<?xml version="1.0" encoding="UTF-8"?>
<!-- Generated by org.testng.reporters.JUnitReportReporter -->
<testsuite skipped="0" hostname="DESKTOP-EB80IO9" name="automationframework.TestNG" tests="1" failures="0" timestamp="16 Aug 2018 09:22:17 GMT" time="0.018" errors="0">
  <testcase name="userlogin" time="0.018" classname="automationframework.TestNG"/>
</testsuite> <!-- automationframework.TestNG -->
